# JRE version: Java(TM) SE Runtime Environment (8.0_25-b18) (build 1.8.0_25-b18)
# Java VM: Java HotSpot(TM) 64-Bit Server VM (25.25-b02 mixed mode windows-amd64 compressed oops)
Heap:
 PSYoungGen      total 59904K, used 47415K [0x00000000eab00000, 0x00000000f0d80000, 0x0000000100000000)
  eden space 47616K, 82% used [0x00000000eab00000,0x00000000ed187008,0x00000000ed980000)
  from space 12288K, 64% used [0x00000000ed980000,0x00000000ee146c08,0x00000000ee580000)
  to   space 12288K, 0% used [0x00000000f0180000,0x00000000f0180000,0x00000000f0d80000)
 ParOldGen       total 44032K, used 35177K [0x00000000c0000000, 0x00000000c2b00000, 0x00000000eab00000)
  object space 44032K, 79% used [0x00000000c0000000,0x00000000c225a458,0x00000000c2b00000)
 Metaspace       used 6773K, capacity 7608K, committed 7936K, reserved 1056768K
  class space    used 636K, capacity 688K, committed 768K, reserved 1048576K
GC Heap History (10 events):
Event: 33.303 GC heap before
{Heap before GC invocations=7 (full 0):
 PSYoungGen      total 38912K, used 37800K [0x00000000eab00000, 0x00000000ed700000, 0x0000000100000000)
  eden space 32768K, 100% used [0x00000000eab00000,0x00000000ecb00000,0x00000000ecb00000)
  from space 6144K, 81% used [0x00000000ed100000,0x00000000ed5ea3c8,0x00000000ed700000)
  to   space 6144K, 0% used [0x00000000ecb00000,0x00000000ecb00000,0x00000000ed100000)
 ParOldGen       total 44032K, used 12009K [0x00000000c0000000, 0x00000000c2b00000, 0x00000000eab00000)
  object space 44032K, 27% used [0x00000000c0000000,0x00000000c0bba588,0x00000000c2b00000)
 Metaspace       used 5971K, capacity 7088K, committed 7296K, reserved 1056768K
  class space    used 575K, capacity 616K, committed 640K, reserved 1048576K
Event: 33.369 GC heap after
Heap after GC invocations=7 (full 0):
 PSYoungGen      total 37888K, used 6124K [0x00000000eab00000, 0x00000000eda00000, 0x0000000100000000)
  eden space 31744K, 0% used [0x00000000eab00000,0x00000000eab00000,0x00000000eca00000)
  from space 6144K, 99% used [0x00000000ecb00000,0x00000000ed0fb390,0x00000000ed100000)
  to   space 8192K, 0% used [0x00000000ed200000,0x00000000ed200000,0x00000000eda00000)
 ParOldGen       total 44032K, used 15755K [0x00000000c0000000, 0x00000000c2b00000, 0x00000000eab00000)
  object space 44032K, 35% used [0x00000000c0000000,0x00000000c0f62f00,0x00000000c2b00000)
 Metaspace       used 5971K, capacity 7088K, committed 7296K, reserved 1056768K
  class space    used 575K, capacity 616K, committed 640K, reserved 1048576K
}
Event: 61.179 GC heap before
{Heap before GC invocations=8 (full 0):
 PSYoungGen      total 37888K, used 37868K [0x00000000eab00000, 0x00000000eda00000, 0x0000000100000000)
  eden space 31744K, 100% used [0x00000000eab00000,0x00000000eca00000,0x00000000eca00000)
  from space 6144K, 99% used [0x00000000ecb00000,0x00000000ed0fb390,0x00000000ed100000)
  to   space 8192K, 0% used [0x00000000ed200000,0x00000000ed200000,0x00000000eda00000)
 ParOldGen       total 44032K, used 15755K [0x00000000c0000000, 0x00000000c2b00000, 0x00000000eab00000)
  object space 44032K, 35% used [0x00000000c0000000,0x00000000c0f62f00,0x00000000c2b00000)
 Metaspace       used 5982K, capacity 7088K, committed 7296K, reserved 1056768K
  class space    used 576K, capacity 616K, committed 640K, reserved 1048576K
Event: 61.318 GC heap after
Heap after GC invocations=8 (full 0):
 PSYoungGen      total 37888K, used 8181K [0x00000000eab00000, 0x00000000edd00000, 0x0000000100000000)
  eden space 29696K, 0% used [0x00000000eab00000,0x00000000eab00000,0x00000000ec800000)
  from space 8192K, 99% used [0x00000000ed200000,0x00000000ed9fd6b0,0x00000000eda00000)
  to   space 10240K, 0% used [0x00000000ec800000,0x00000000ec800000,0x00000000ed200000)
 ParOldGen       total 44032K, used 18785K [0x00000000c0000000, 0x00000000c2b00000, 0x00000000eab00000)
  object space 44032K, 42% used [0x00000000c0000000,0x00000000c1258580,0x00000000c2b00000)
 Metaspace       used 5982K, capacity 7088K, committed 7296K, reserved 1056768K
  class space    used 576K, capacity 616K, committed 640K, reserved 1048576K
}
Event: 62.137 GC heap before
{Heap before GC invocations=9 (full 0):
 PSYoungGen      total 37888K, used 37877K [0x00000000eab00000, 0x00000000edd00000, 0x0000000100000000)
  eden space 29696K, 100% used [0x00000000eab00000,0x00000000ec800000,0x00000000ec800000)
  from space 8192K, 99% used [0x00000000ed200000,0x00000000ed9fd6b0,0x00000000eda00000)
  to   space 10240K, 0% used [0x00000000ec800000,0x00000000ec800000,0x00000000ed200000)
 ParOldGen       total 44032K, used 18785K [0x00000000c0000000, 0x00000000c2b00000, 0x00000000eab00000)
  object space 44032K, 42% used [0x00000000c0000000,0x00000000c1258580,0x00000000c2b00000)
 Metaspace       used 5986K, capacity 7088K, committed 7296K, reserved 1056768K
  class space    used 576K, capacity 616K, committed 640K, reserved 1048576K
Event: 62.160 GC heap after
Heap after GC invocations=9 (full 0):
 PSYoungGen      total 39936K, used 10216K [0x00000000eab00000, 0x00000000ef280000, 0x0000000100000000)
  eden space 29696K, 0% used [0x00000000eab00000,0x00000000eab00000,0x00000000ec800000)
  from space 10240K, 99% used [0x00000000ec800000,0x00000000ed1fa320,0x00000000ed200000)
  to   space 12800K, 0% used [0x00000000ee600000,0x00000000ee600000,0x00000000ef280000)
 ParOldGen       total 44032K, used 21630K [0x00000000c0000000, 0x00000000c2b00000, 0x00000000eab00000)
  object space 44032K, 49% used [0x00000000c0000000,0x00000000c151f938,0x00000000c2b00000)
 Metaspace       used 5986K, capacity 7088K, committed 7296K, reserved 1056768K
  class space    used 576K, capacity 616K, committed 640K, reserved 1048576K
}
Event: 62.609 GC heap before
{Heap before GC invocations=10 (full 0):
 PSYoungGen      total 39936K, used 39912K [0x00000000eab00000, 0x00000000ef280000, 0x0000000100000000)
  eden space 29696K, 100% used [0x00000000eab00000,0x00000000ec800000,0x00000000ec800000)
  from space 10240K, 99% used [0x00000000ec800000,0x00000000ed1fa320,0x00000000ed200000)
  to   space 12800K, 0% used [0x00000000ee600000,0x00000000ee600000,0x00000000ef280000)
 ParOldGen       total 44032K, used 21630K [0x00000000c0000000, 0x00000000c2b00000, 0x00000000eab00000)
  object space 44032K, 49% used [0x00000000c0000000,0x00000000c151f938,0x00000000c2b00000)
 Metaspace       used 5991K, capacity 7088K, committed 7296K, reserved 1056768K
  class space    used 576K, capacity 616K, committed 640K, reserved 1048576K
Event: 62.627 GC heap after
Heap after GC invocations=10 (full 0):
 PSYoungGen      total 59392K, used 7808K [0x00000000eab00000, 0x00000000ef180000, 0x0000000100000000)
  eden space 47616K, 0% used [0x00000000eab00000,0x00000000eab00000,0x00000000ed980000)
  from space 11776K, 66% used [0x00000000ee600000,0x00000000eeda01c0,0x00000000ef180000)
  to   space 12288K, 0% used [0x00000000ed980000,0x00000000ed980000,0x00000000ee580000)
 ParOldGen       total 44032K, used 27591K [0x00000000c0000000, 0x00000000c2b00000, 0x00000000eab00000)
  object space 44032K, 62% used [0x00000000c0000000,0x00000000c1af1e08,0x00000000c2b00000)
 Metaspace       used 5991K, capacity 7088K, committed 7296K, reserved 1056768K
  class space    used 576K, capacity 616K, committed 640K, reserved 1048576K
}
Event: 63.078 GC heap before
{Heap before GC invocations=11 (full 0):
 PSYoungGen      total 59392K, used 55424K [0x00000000eab00000, 0x00000000ef180000, 0x0000000100000000)
  eden space 47616K, 100% used [0x00000000eab00000,0x00000000ed980000,0x00000000ed980000)
  from space 11776K, 66% used [0x00000000ee600000,0x00000000eeda01c0,0x00000000ef180000)
  to   space 12288K, 0% used [0x00000000ed980000,0x00000000ed980000,0x00000000ee580000)
 ParOldGen       total 44032K, used 27591K [0x00000000c0000000, 0x00000000c2b00000, 0x00000000eab00000)
  object space 44032K, 62% used [0x00000000c0000000,0x00000000c1af1e08,0x00000000c2b00000)
 Metaspace       used 6019K, capacity 7152K, committed 7296K, reserved 1056768K
  class space    used 576K, capacity 616K, committed 640K, reserved 1048576K
Event: 63.111 GC heap after
Heap after GC invocations=11 (full 0):
 PSYoungGen      total 59904K, used 7963K [0x00000000eab00000, 0x00000000f0d80000, 0x0000000100000000)
  eden space 47616K, 0% used [0x00000000eab00000,0x00000000eab00000,0x00000000ed980000)
  from space 12288K, 64% used [0x00000000ed980000,0x00000000ee146c08,0x00000000ee580000)
  to   space 12288K, 0% used [0x00000000f0180000,0x00000000f0180000,0x00000000f0d80000)
 ParOldGen       total 44032K, used 35177K [0x00000000c0000000, 0x00000000c2b00000, 0x00000000eab00000)
  object space 44032K, 79% used [0x00000000c0000000,0x00000000c225a458,0x00000000c2b00000)
 Metaspace       used 6019K, capacity 7152K, committed 7296K, reserved 1056768K
  class space    used 576K, capacity 616K, committed 640K, reserved 1048576K
}

