# JRE version: Java(TM) SE Runtime Environment (8.0_25-b18) (build 1.8.0_25-b18)
# Java VM: Java HotSpot(TM) 64-Bit Server VM (25.25-b02 mixed mode windows-amd64 compressed oops)
Heap:
 PSYoungGen      total 232960K, used 139800K [0x00000000eab00000, 0x0000000100000000, 0x0000000100000000)
  eden space 116736K, 83% used [0x00000000eab00000,0x00000000f0abee00,0x00000000f1d00000)
  from space 116224K, 35% used [0x00000000f8e80000,0x00000000fb747488,0x0000000100000000)
  to   space 116224K, 0% used [0x00000000f1d00000,0x00000000f1d00000,0x00000000f8e80000)
 ParOldGen       total 242688K, used 145129K [0x00000000c0000000, 0x00000000ced00000, 0x00000000eab00000)
  object space 242688K, 59% used [0x00000000c0000000,0x00000000c8dba4e8,0x00000000ced00000)
 Metaspace       used 6059K, capacity 7152K, committed 7296K, reserved 1056768K
  class space    used 572K, capacity 616K, committed 640K, reserved 1048576K
GC Heap History (10 events):
Event: 61.748 GC heap before
{Heap before GC invocations=20 (full 3):
 PSYoungGen      total 216576K, used 175585K [0x00000000eab00000, 0x00000000fd980000, 0x0000000100000000)
  eden space 126464K, 100% used [0x00000000eab00000,0x00000000f2680000,0x00000000f2680000)
  from space 90112K, 54% used [0x00000000f8180000,0x00000000fb1785b0,0x00000000fd980000)
  to   space 91648K, 0% used [0x00000000f2680000,0x00000000f2680000,0x00000000f8000000)
 ParOldGen       total 145408K, used 66854K [0x00000000c0000000, 0x00000000c8e00000, 0x00000000eab00000)
  object space 145408K, 45% used [0x00000000c0000000,0x00000000c4149880,0x00000000c8e00000)
 Metaspace       used 5863K, capacity 7088K, committed 7296K, reserved 1056768K
  class space    used 552K, capacity 616K, committed 640K, reserved 1048576K
Event: 61.845 GC heap after
Heap after GC invocations=20 (full 3):
 PSYoungGen      total 218112K, used 64879K [0x00000000eab00000, 0x00000000ff780000, 0x0000000100000000)
  eden space 126464K, 0% used [0x00000000eab00000,0x00000000eab00000,0x00000000f2680000)
  from space 91648K, 70% used [0x00000000f2680000,0x00000000f65dbd98,0x00000000f8000000)
  to   space 96256K, 0% used [0x00000000f9980000,0x00000000f9980000,0x00000000ff780000)
 ParOldGen       total 145408K, used 66854K [0x00000000c0000000, 0x00000000c8e00000, 0x00000000eab00000)
  object space 145408K, 45% used [0x00000000c0000000,0x00000000c4149880,0x00000000c8e00000)
 Metaspace       used 5863K, capacity 7088K, committed 7296K, reserved 1056768K
  class space    used 552K, capacity 616K, committed 640K, reserved 1048576K
}
Event: 64.619 GC heap before
{Heap before GC invocations=21 (full 3):
 PSYoungGen      total 218112K, used 191343K [0x00000000eab00000, 0x00000000ff780000, 0x0000000100000000)
  eden space 126464K, 100% used [0x00000000eab00000,0x00000000f2680000,0x00000000f2680000)
  from space 91648K, 70% used [0x00000000f2680000,0x00000000f65dbd98,0x00000000f8000000)
  to   space 96256K, 0% used [0x00000000f9980000,0x00000000f9980000,0x00000000ff780000)
 ParOldGen       total 145408K, used 66854K [0x00000000c0000000, 0x00000000c8e00000, 0x00000000eab00000)
  object space 145408K, 45% used [0x00000000c0000000,0x00000000c4149880,0x00000000c8e00000)
 Metaspace       used 5869K, capacity 7088K, committed 7296K, reserved 1056768K
  class space    used 552K, capacity 616K, committed 640K, reserved 1048576K
Event: 76.792 GC heap after
Heap after GC invocations=21 (full 3):
 PSYoungGen      total 236032K, used 79233K [0x00000000eab00000, 0x0000000100000000, 0x0000000100000000)
  eden space 139776K, 0% used [0x00000000eab00000,0x00000000eab00000,0x00000000f3380000)
  from space 96256K, 82% used [0x00000000f9980000,0x00000000fe6e0588,0x00000000ff780000)
  to   space 104448K, 0% used [0x00000000f3380000,0x00000000f3380000,0x00000000f9980000)
 ParOldGen       total 145408K, used 66862K [0x00000000c0000000, 0x00000000c8e00000, 0x00000000eab00000)
  object space 145408K, 45% used [0x00000000c0000000,0x00000000c414b880,0x00000000c8e00000)
 Metaspace       used 5869K, capacity 7088K, committed 7296K, reserved 1056768K
  class space    used 552K, capacity 616K, committed 640K, reserved 1048576K
}
Event: 89.244 GC heap before
{Heap before GC invocations=22 (full 3):
 PSYoungGen      total 236032K, used 219009K [0x00000000eab00000, 0x0000000100000000, 0x0000000100000000)
  eden space 139776K, 100% used [0x00000000eab00000,0x00000000f3380000,0x00000000f3380000)
  from space 96256K, 82% used [0x00000000f9980000,0x00000000fe6e0588,0x00000000ff780000)
  to   space 104448K, 0% used [0x00000000f3380000,0x00000000f3380000,0x00000000f9980000)
 ParOldGen       total 145408K, used 66862K [0x00000000c0000000, 0x00000000c8e00000, 0x00000000eab00000)
  object space 145408K, 45% used [0x00000000c0000000,0x00000000c414b880,0x00000000c8e00000)
 Metaspace       used 5869K, capacity 7088K, committed 7296K, reserved 1056768K
  class space    used 552K, capacity 616K, committed 640K, reserved 1048576K
Event: 91.186 GC heap after
Heap after GC invocations=22 (full 3):
 PSYoungGen      total 236544K, used 96471K [0x00000000eab00000, 0x0000000100000000, 0x0000000100000000)
  eden space 139776K, 0% used [0x00000000eab00000,0x00000000eab00000,0x00000000f3380000)
  from space 96768K, 99% used [0x00000000f3380000,0x00000000f91b5e50,0x00000000f9200000)
  to   space 112640K, 0% used [0x00000000f9200000,0x00000000f9200000,0x0000000100000000)
 ParOldGen       total 145408K, used 66862K [0x00000000c0000000, 0x00000000c8e00000, 0x00000000eab00000)
  object space 145408K, 45% used [0x00000000c0000000,0x00000000c414b880,0x00000000c8e00000)
 Metaspace       used 5869K, capacity 7088K, committed 7296K, reserved 1056768K
  class space    used 552K, capacity 616K, committed 640K, reserved 1048576K
}
Event: 98.683 GC heap before
{Heap before GC invocations=23 (full 3):
 PSYoungGen      total 236544K, used 236247K [0x00000000eab00000, 0x0000000100000000, 0x0000000100000000)
  eden space 139776K, 100% used [0x00000000eab00000,0x00000000f3380000,0x00000000f3380000)
  from space 96768K, 99% used [0x00000000f3380000,0x00000000f91b5e50,0x00000000f9200000)
  to   space 112640K, 0% used [0x00000000f9200000,0x00000000f9200000,0x0000000100000000)
 ParOldGen       total 145408K, used 66862K [0x00000000c0000000, 0x00000000c8e00000, 0x00000000eab00000)
  object space 145408K, 45% used [0x00000000c0000000,0x00000000c414b880,0x00000000c8e00000)
 Metaspace       used 5900K, capacity 7088K, committed 7296K, reserved 1056768K
  class space    used 553K, capacity 616K, committed 640K, reserved 1048576K
Event: 98.791 GC heap after
Heap after GC invocations=23 (full 3):
 PSYoungGen      total 229376K, used 89677K [0x00000000eab00000, 0x0000000100000000, 0x0000000100000000)
  eden space 116736K, 0% used [0x00000000eab00000,0x00000000eab00000,0x00000000f1d00000)
  from space 112640K, 79% used [0x00000000f9200000,0x00000000fe9934e8,0x0000000100000000)
  to   space 116224K, 0% used [0x00000000f1d00000,0x00000000f1d00000,0x00000000f8e80000)
 ParOldGen       total 145408K, used 66870K [0x00000000c0000000, 0x00000000c8e00000, 0x00000000eab00000)
  object space 145408K, 45% used [0x00000000c0000000,0x00000000c414d880,0x00000000c8e00000)
 Metaspace       used 5900K, capacity 7088K, committed 7296K, reserved 1056768K
  class space    used 553K, capacity 616K, committed 640K, reserved 1048576K
}
Event: 103.577 GC heap before
{Heap before GC invocations=24 (full 3):
 PSYoungGen      total 229376K, used 206413K [0x00000000eab00000, 0x0000000100000000, 0x0000000100000000)
  eden space 116736K, 100% used [0x00000000eab00000,0x00000000f1d00000,0x00000000f1d00000)
  from space 112640K, 79% used [0x00000000f9200000,0x00000000fe9934e8,0x0000000100000000)
  to   space 116224K, 0% used [0x00000000f1d00000,0x00000000f1d00000,0x00000000f8e80000)
 ParOldGen       total 145408K, used 66870K [0x00000000c0000000, 0x00000000c8e00000, 0x00000000eab00000)
  object space 145408K, 45% used [0x00000000c0000000,0x00000000c414d880,0x00000000c8e00000)
 Metaspace       used 5943K, capacity 7152K, committed 7296K, reserved 1056768K
  class space    used 553K, capacity 616K, committed 640K, reserved 1048576K
Event: 103.712 GC heap after
Heap after GC invocations=24 (full 3):
 PSYoungGen      total 232960K, used 88768K [0x00000000eab00000, 0x0000000100000000, 0x0000000100000000)
  eden space 116736K, 0% used [0x00000000eab00000,0x00000000eab00000,0x00000000f1d00000)
  from space 116224K, 76% used [0x00000000f1d00000,0x00000000f73b0008,0x00000000f8e80000)
  to   space 116224K, 0% used [0x00000000f8e80000,0x00000000f8e80000,0x0000000100000000)
 ParOldGen       total 145408K, used 86623K [0x00000000c0000000, 0x00000000c8e00000, 0x00000000eab00000)
  object space 145408K, 59% used [0x00000000c0000000,0x00000000c5497e48,0x00000000c8e00000)
 Metaspace       used 5943K, capacity 7152K, committed 7296K, reserved 1056768K
  class space    used 553K, capacity 616K, committed 640K, reserved 1048576K
}

